Using pre-set license
Built from '2020.3/staging' branch; Version is '2020.3.4f1 (0abb6314276a) revision 703331'; Using compiler version '192528614'; Build Type 'Release'
OS: 'Windows 10 Pro; OS build 19041.1083; Version 2004; 64bit' Language: 'tr' Physical Memory: 32606 MB
BatchMode: 1, IsHumanControllingUs: 0, StartBugReporterOnCrash: 0, Is64bit: 1, IsPro: 0

 COMMAND LINE ARGUMENTS:
C:\Program Files\Unity\Hub\Editor\2020.3.4f1\Editor\Unity.exe
-adb2
-batchMode
-noUpm
-name
AssetImportWorker0
-projectPath
D:/MyGithub/PostProcestProject
-logFile
Logs/AssetImportWorker0.log
-srvPort
63576
Successfully changed project path to: D:/MyGithub/PostProcestProject
D:/MyGithub/PostProcestProject
Using Asset Import Pipeline V2.
Refreshing native plugins compatible for Editor in 21.49 ms, found 0 plugins.
Preloading 0 native plugins for Editor in 0.00 ms.
Initialize engine version: 2020.3.4f1 (0abb6314276a)
[Subsystems] Discovering subsystems at path C:/Program Files/Unity/Hub/Editor/2020.3.4f1/Editor/Data/Resources/UnitySubsystems
[Subsystems] Discovering subsystems at path D:/MyGithub/PostProcestProject/Assets
GfxDevice: creating device client; threaded=0
Direct3D:
    Version:  Direct3D 11.0 [level 11.1]
    Renderer: NVIDIA GeForce GTX 1650 (ID=0x1f99)
    Vendor:   
    VRAM:     3962 MB
    Driver:   27.21.14.6242
Initialize mono
Mono path[0] = 'C:/Program Files/Unity/Hub/Editor/2020.3.4f1/Editor/Data/Managed'
Mono path[1] = 'C:/Program Files/Unity/Hub/Editor/2020.3.4f1/Editor/Data/MonoBleedingEdge/lib/mono/unityjit'
Mono config path = 'C:/Program Files/Unity/Hub/Editor/2020.3.4f1/Editor/Data/MonoBleedingEdge/etc'
Using monoOptions --debugger-agent=transport=dt_socket,embedding=1,server=y,suspend=n,address=127.0.0.1:56360
Begin MonoManager ReloadAssembly
Registering precompiled unity dll's ...
Register platform support module: C:/Program Files/Unity/Hub/Editor/2020.3.4f1/Editor/Data/PlaybackEngines/WebGLSupport/UnityEditor.WebGL.Extensions.dll
Register platform support module: C:/Program Files/Unity/Hub/Editor/2020.3.4f1/Editor/Data/PlaybackEngines/WindowsStandaloneSupport/UnityEditor.WindowsStandalone.Extensions.dll
Registered in 0.001851 seconds.
Native extension for WindowsStandalone target not found
Native extension for WebGL target not found
Refreshing native plugins compatible for Editor in 20.50 ms, found 0 plugins.
Preloading 0 native plugins for Editor in 0.00 ms.
Mono: successfully reloaded assembly
- Completed reload, in  1.896 seconds
Platform modules already initialized, skipping
Registering precompiled user dll's ...
Registered in 0.000510 seconds.
Begin MonoManager ReloadAssembly
Native extension for WindowsStandalone target not found
Native extension for WebGL target not found
Refreshing native plugins compatible for Editor in 0.20 ms, found 0 plugins.
Preloading 0 native plugins for Editor in 0.00 ms.
Mono: successfully reloaded assembly
- Completed reload, in  0.820 seconds
Platform modules already initialized, skipping
========================================================================
Worker process is ready to serve import requests
Launched and connected shader compiler UnityShaderCompiler.exe after 0.03 seconds
Refreshing native plugins compatible for Editor in 0.18 ms, found 0 plugins.
Preloading 0 native plugins for Editor in 0.00 ms.
Unloading 1116 Unused Serialized files (Serialized files now loaded: 0)
System memory in use before: 69.6 MB.
System memory in use after: 69.6 MB.

Unloading 10 unused Assets to reduce memory usage. Loaded Objects now: 1572.
Total: 1.595900 ms (FindLiveObjects: 0.152300 ms CreateObjectMapping: 0.049700 ms MarkObjects: 1.315900 ms  DeleteObjects: 0.077000 ms)

========================================================================
Received Import Request.
  path: Assets/New Terrain.asset
  artifactKey: Guid(2c45c9e5ee077f5449a7b166825a771a) Importer(815301076,1909f56bfc062723c751e8b465ee728b)
Start importing Assets/New Terrain.asset using Guid(2c45c9e5ee077f5449a7b166825a771a) Importer(815301076,1909f56bfc062723c751e8b465ee728b)  -> (artifact id: '3d240d1965de70d8388325974c9f9349') in 0.032820 seconds
  Import took 0.034589 seconds .

========================================================================
Received Import Request.
  Time since last request: 6.523505 seconds.
  path: Assets/Fantasy Forest Environment Free Sample
  artifactKey: Guid(8b975af138e14ff4ead5531b71a47993) Importer(815301076,1909f56bfc062723c751e8b465ee728b)
Start importing Assets/Fantasy Forest Environment Free Sample using Guid(8b975af138e14ff4ead5531b71a47993) Importer(815301076,1909f56bfc062723c751e8b465ee728b)  -> (artifact id: '54ae5db19830842e396c3d8734d40df3') in 0.247383 seconds
  Import took 0.249359 seconds .

========================================================================
Received Import Request.
  Time since last request: 0.000274 seconds.
  path: Assets/Fantasy Forest Environment Free Sample/PostProcessing Profile.asset
  artifactKey: Guid(84e004e54aa75074885db0856eedb697) Importer(815301076,1909f56bfc062723c751e8b465ee728b)
Start importing Assets/Fantasy Forest Environment Free Sample/PostProcessing Profile.asset using Guid(84e004e54aa75074885db0856eedb697) Importer(815301076,1909f56bfc062723c751e8b465ee728b)  -> (artifact id: '550cd002b60d6abb4b3ab706fa4808af') in 0.008422 seconds
  Import took 0.010520 seconds .

========================================================================
Received Import Request.
  Time since last request: 1.182201 seconds.
  path: Assets/Fantasy Forest Environment Free Sample/Materials
  artifactKey: Guid(cd0f69bea45e4f84ea174419ce134ce1) Importer(815301076,1909f56bfc062723c751e8b465ee728b)
Start importing Assets/Fantasy Forest Environment Free Sample/Materials using Guid(cd0f69bea45e4f84ea174419ce134ce1) Importer(815301076,1909f56bfc062723c751e8b465ee728b)  -> (artifact id: 'b3ff836e703521f12e7dadcee8539104') in 0.006342 seconds
  Import took 0.008800 seconds .

========================================================================
Received Import Request.
  Time since last request: 0.054599 seconds.
  path: Assets/Fantasy Forest Environment Free Sample/Materials/bark01_bottom.mat
  artifactKey: Guid(7e56b6e37c078ed47b6d0e9d9249ea9f) Importer(815301076,1909f56bfc062723c751e8b465ee728b)
Start importing Assets/Fantasy Forest Environment Free Sample/Materials/bark01_bottom.mat using Guid(7e56b6e37c078ed47b6d0e9d9249ea9f) Importer(815301076,1909f56bfc062723c751e8b465ee728b)  -> (artifact id: 'd43c650eb97e8f9646822922c8b19307') in 0.515951 seconds
  Import took 0.517769 seconds .

========================================================================
Received Import Request.
  Time since last request: 0.000180 seconds.
  path: Assets/Fantasy Forest Environment Free Sample/Materials/dirt01.mat
  artifactKey: Guid(02f626fd2f11216458890862c5864d34) Importer(815301076,1909f56bfc062723c751e8b465ee728b)
Start importing Assets/Fantasy Forest Environment Free Sample/Materials/dirt01.mat using Guid(02f626fd2f11216458890862c5864d34) Importer(815301076,1909f56bfc062723c751e8b465ee728b)  -> (artifact id: 'a15e32414b7250302013864d41055d59') in 0.090562 seconds
  Import took 0.092133 seconds .

========================================================================
Received Import Request.
  Time since last request: 0.000273 seconds.
  path: Assets/Fantasy Forest Environment Free Sample/Materials/skyMaterial.mat
  artifactKey: Guid(cb20c710b0721ef4d88cabbec2aa4da7) Importer(815301076,1909f56bfc062723c751e8b465ee728b)
Start importing Assets/Fantasy Forest Environment Free Sample/Materials/skyMaterial.mat using Guid(cb20c710b0721ef4d88cabbec2aa4da7) Importer(815301076,1909f56bfc062723c751e8b465ee728b)  -> (artifact id: '7ee710eaeaca38e2e7989a712028c829') in 0.011469 seconds
  Import took 0.013014 seconds .

========================================================================
Received Import Request.
  Time since last request: 0.000141 seconds.
  path: Assets/Fantasy Forest Environment Free Sample/Materials/tree_branches.mat
  artifactKey: Guid(16a185093c7e02d40a49265c23c74417) Importer(815301076,1909f56bfc062723c751e8b465ee728b)
Start importing Assets/Fantasy Forest Environment Free Sample/Materials/tree_branches.mat using Guid(16a185093c7e02d40a49265c23c74417) Importer(815301076,1909f56bfc062723c751e8b465ee728b)  -> (artifact id: '7a1c6cfaa4f0f4baf28b72715c02c3d0') in 0.180648 seconds
  Import took 0.182219 seconds .

========================================================================
Received Import Request.
  Time since last request: 0.000217 seconds.
  path: Assets/Fantasy Forest Environment Free Sample/Materials/grassmesh.mat
  artifactKey: Guid(0666ed421e3d1f146a986f726e7354c1) Importer(815301076,1909f56bfc062723c751e8b465ee728b)
Start importing Assets/Fantasy Forest Environment Free Sample/Materials/grassmesh.mat using Guid(0666ed421e3d1f146a986f726e7354c1) Importer(815301076,1909f56bfc062723c751e8b465ee728b)  -> (artifact id: '05e1e2d92e816326cd6c05a97f4b1a66') in 0.075873 seconds
  Import took 0.077441 seconds .

========================================================================
Received Import Request.
  Time since last request: 0.000136 seconds.
  path: Assets/Fantasy Forest Environment Free Sample/Materials/grass01.mat
  artifactKey: Guid(40e69315dc8bd0b45be8bf7143248fba) Importer(815301076,1909f56bfc062723c751e8b465ee728b)
Start importing Assets/Fantasy Forest Environment Free Sample/Materials/grass01.mat using Guid(40e69315dc8bd0b45be8bf7143248fba) Importer(815301076,1909f56bfc062723c751e8b465ee728b)  -> (artifact id: '9bd8c9d0fbc2776efe8ab81be7b477f5') in 0.011175 seconds
  Import took 0.012765 seconds .

========================================================================
Received Import Request.
  Time since last request: 26.591571 seconds.
  path: Assets/Fantasy Forest Environment Free Sample/Textures/bark01_bottom.tga
  artifactKey: Guid(4e44992d8a199a546aeaaa6ebc63b91a) Importer(815301076,1909f56bfc062723c751e8b465ee728b)
Start importing Assets/Fantasy Forest Environment Free Sample/Textures/bark01_bottom.tga using Guid(4e44992d8a199a546aeaaa6ebc63b91a) Importer(815301076,1909f56bfc062723c751e8b465ee728b)  -> (artifact id: '1ebcf40412648cdc2f6b1a3c529dde7a') in 0.014187 seconds
  Import took 0.015911 seconds .

========================================================================
Received Import Request.
  Time since last request: 0.000223 seconds.
  path: Assets/Fantasy Forest Environment Free Sample/Textures/grassmesh.png
  artifactKey: Guid(4e364662e65fd2d4a995a4efe45af277) Importer(815301076,1909f56bfc062723c751e8b465ee728b)
Start importing Assets/Fantasy Forest Environment Free Sample/Textures/grassmesh.png using Guid(4e364662e65fd2d4a995a4efe45af277) Importer(815301076,1909f56bfc062723c751e8b465ee728b)  -> (artifact id: '5fda81562d0e19962d17b081c00a6f06') in 0.010052 seconds
  Import took 0.011634 seconds .

========================================================================
Received Import Request.
  Time since last request: 0.000256 seconds.
  path: Assets/Fantasy Forest Environment Free Sample/Textures/grass01_b.tga
  artifactKey: Guid(b69992f31e7145e4ba49aa8118c5541c) Importer(815301076,1909f56bfc062723c751e8b465ee728b)
Start importing Assets/Fantasy Forest Environment Free Sample/Textures/grass01_b.tga using Guid(b69992f31e7145e4ba49aa8118c5541c) Importer(815301076,1909f56bfc062723c751e8b465ee728b)  -> (artifact id: '5a226d61bf00aa15b85b96f1ca9ba242') in 0.011438 seconds
  Import took 0.013123 seconds .

========================================================================
Received Import Request.
  Time since last request: 0.000142 seconds.
  path: Assets/Fantasy Forest Environment Free Sample/Textures/dirt01.tga
  artifactKey: Guid(30ec70ef60a2bb54ea2df6f72c77bdc6) Importer(815301076,1909f56bfc062723c751e8b465ee728b)
Start importing Assets/Fantasy Forest Environment Free Sample/Textures/dirt01.tga using Guid(30ec70ef60a2bb54ea2df6f72c77bdc6) Importer(815301076,1909f56bfc062723c751e8b465ee728b)  -> (artifact id: '283002ca1f0fcec600e156f553cbca73') in 0.008814 seconds
  Import took 0.010727 seconds .

========================================================================
Received Import Request.
  Time since last request: 0.000257 seconds.
  path: Assets/Fantasy Forest Environment Free Sample/Textures/tree_branches.png
  artifactKey: Guid(1d49d1e2d8a2b97478e3e0355dbf3a07) Importer(815301076,1909f56bfc062723c751e8b465ee728b)
Start importing Assets/Fantasy Forest Environment Free Sample/Textures/tree_branches.png using Guid(1d49d1e2d8a2b97478e3e0355dbf3a07) Importer(815301076,1909f56bfc062723c751e8b465ee728b)  -> (artifact id: '464043deac03ed9626377a427881cef2') in 0.011065 seconds
  Import took 0.012813 seconds .

========================================================================
Received Import Request.
  Time since last request: 0.000258 seconds.
  path: Assets/Fantasy Forest Environment Free Sample/Textures/grass01.tga
  artifactKey: Guid(6c41a2cea80b4fc499bac2a6c14a4514) Importer(815301076,1909f56bfc062723c751e8b465ee728b)
Start importing Assets/Fantasy Forest Environment Free Sample/Textures/grass01.tga using Guid(6c41a2cea80b4fc499bac2a6c14a4514) Importer(815301076,1909f56bfc062723c751e8b465ee728b)  -> (artifact id: 'e182d51aab8cc7579e3026e3b711fd5d') in 0.009623 seconds
  Import took 0.011461 seconds .

========================================================================
Received Import Request.
  Time since last request: 14.621694 seconds.
  path: Assets/_TerrainAutoUpgrade/layer_dirt01b3407d0e55802f81.terrainlayer
  artifactKey: Guid(9a4b956784e73f5428f7db07b1468a16) Importer(815301076,1909f56bfc062723c751e8b465ee728b)
Start importing Assets/_TerrainAutoUpgrade/layer_dirt01b3407d0e55802f81.terrainlayer using Guid(9a4b956784e73f5428f7db07b1468a16) Importer(815301076,1909f56bfc062723c751e8b465ee728b)  -> (artifact id: '83b4b8d7633c0a8b9ad1e443fc8cb201') in 0.028675 seconds
  Import took 0.030687 seconds .

========================================================================
Received Import Request.
  Time since last request: 0.000236 seconds.
  path: Assets/_TerrainAutoUpgrade/layer_grass01_bb3407d0e55802f81.terrainlayer
  artifactKey: Guid(d824dee0cb1e8764ebdce5f2e4466ff6) Importer(815301076,1909f56bfc062723c751e8b465ee728b)
Start importing Assets/_TerrainAutoUpgrade/layer_grass01_bb3407d0e55802f81.terrainlayer using Guid(d824dee0cb1e8764ebdce5f2e4466ff6) Importer(815301076,1909f56bfc062723c751e8b465ee728b)  -> (artifact id: 'a0aa0890ae312b7a76d6415678cc2cc4') in 0.013901 seconds
  Import took 0.015488 seconds .

========================================================================
Received Import Request.
  Time since last request: 0.000255 seconds.
  path: Assets/_TerrainAutoUpgrade/layer_grass01b3407d0e55802f81.terrainlayer
  artifactKey: Guid(79d79a20b32b29c49a774b87d805b3dc) Importer(815301076,1909f56bfc062723c751e8b465ee728b)
Start importing Assets/_TerrainAutoUpgrade/layer_grass01b3407d0e55802f81.terrainlayer using Guid(79d79a20b32b29c49a774b87d805b3dc) Importer(815301076,1909f56bfc062723c751e8b465ee728b)  -> (artifact id: 'befbf9efc4b5269ca5b75d0d921e2386') in 0.013345 seconds
  Import took 0.014962 seconds .

========================================================================
Received Import Request.
  Time since last request: 4.315041 seconds.
  path: Assets/Fantasy Forest Environment Free Sample/Meshes
  artifactKey: Guid(eaaaee0f57e935647bce706f4ad8f73b) Importer(815301076,1909f56bfc062723c751e8b465ee728b)
Start importing Assets/Fantasy Forest Environment Free Sample/Meshes using Guid(eaaaee0f57e935647bce706f4ad8f73b) Importer(815301076,1909f56bfc062723c751e8b465ee728b)  -> (artifact id: 'c8b6c44e7139fe7776a2b11dea8b0b4f') in 0.005469 seconds
  Import took 0.007536 seconds .

========================================================================
Received Import Request.
  Time since last request: 0.930983 seconds.
  path: Assets/Fantasy Forest Environment Free Sample/Meshes/Prefabs
  artifactKey: Guid(9c7916be32b4831459e123e056137170) Importer(815301076,1909f56bfc062723c751e8b465ee728b)
Start importing Assets/Fantasy Forest Environment Free Sample/Meshes/Prefabs using Guid(9c7916be32b4831459e123e056137170) Importer(815301076,1909f56bfc062723c751e8b465ee728b)  -> (artifact id: '0fb61a3f63cd22c3428f0aad1f1a619f') in 0.006387 seconds
  Import took 0.008273 seconds .

========================================================================
Received Import Request.
  Time since last request: 0.044513 seconds.
  path: Assets/Fantasy Forest Environment Free Sample/Meshes/Prefabs/grass01.prefab
  artifactKey: Guid(b48086d9f175aa34b947a21c8056c3d2) Importer(815301076,1909f56bfc062723c751e8b465ee728b)
Start importing Assets/Fantasy Forest Environment Free Sample/Meshes/Prefabs/grass01.prefab using Guid(b48086d9f175aa34b947a21c8056c3d2) Importer(815301076,1909f56bfc062723c751e8b465ee728b)  -> (artifact id: '4648bfe4dcb84ff2ce69064e9b2a9c83') in 0.026818 seconds
  Import took 0.028740 seconds .

========================================================================
Received Import Request.
  Time since last request: 0.000306 seconds.
  path: Assets/Fantasy Forest Environment Free Sample/Meshes/Prefabs/tree_1.prefab
  artifactKey: Guid(eded051879df4c147b9010199d240258) Importer(815301076,1909f56bfc062723c751e8b465ee728b)
Start importing Assets/Fantasy Forest Environment Free Sample/Meshes/Prefabs/tree_1.prefab using Guid(eded051879df4c147b9010199d240258) Importer(815301076,1909f56bfc062723c751e8b465ee728b)  -> (artifact id: '29674dd24faedd43f75d7603e87ad13a') in 0.027890 seconds
  Import took 0.029569 seconds .

========================================================================
Received Import Request.
  Time since last request: 35.229386 seconds.
  path: Assets/Fantasy Forest Environment Free Sample/Textures
  artifactKey: Guid(9fcce063c50b58049b8c0bb17dc31ac4) Importer(815301076,1909f56bfc062723c751e8b465ee728b)
Start importing Assets/Fantasy Forest Environment Free Sample/Textures using Guid(9fcce063c50b58049b8c0bb17dc31ac4) Importer(815301076,1909f56bfc062723c751e8b465ee728b)  -> (artifact id: 'f531fdcff99beb9006250533bd4b6523') in 0.005441 seconds
  Import took 0.007255 seconds .

========================================================================
Received Import Request.
  Time since last request: 0.000746 seconds.
  path: Assets/Fantasy Forest Environment Free Sample/Textures
  artifactKey: Guid(9fcce063c50b58049b8c0bb17dc31ac4) Importer(815301076,1909f56bfc062723c751e8b465ee728b)
Start importing Assets/Fantasy Forest Environment Free Sample/Textures using Guid(9fcce063c50b58049b8c0bb17dc31ac4) Importer(815301076,1909f56bfc062723c751e8b465ee728b)  -> (artifact id: 'f531fdcff99beb9006250533bd4b6523') in 0.001670 seconds
  Import took 0.003333 seconds .

========================================================================
Received Import Request.
  Time since last request: 32.421428 seconds.
  path: Assets/Fantasy Forest Environment Free Sample/Scenes/New Terrain.asset
  artifactKey: Guid(02bc0e2176f6a4e4ea3faf0c622664cf) Importer(815301076,1909f56bfc062723c751e8b465ee728b)
Start importing Assets/Fantasy Forest Environment Free Sample/Scenes/New Terrain.asset using Guid(02bc0e2176f6a4e4ea3faf0c622664cf) Importer(815301076,1909f56bfc062723c751e8b465ee728b)  -> (artifact id: '8226770048f52d6ffbe59811808e9716') in 0.042424 seconds
  Import took 0.044512 seconds .

========================================================================
Received Prepare
Registering precompiled user dll's ...
Registered in 0.000509 seconds.
Begin MonoManager ReloadAssembly
Native extension for WindowsStandalone target not found
Native extension for WebGL target not found
Refreshing native plugins compatible for Editor in 0.21 ms, found 0 plugins.
Preloading 0 native plugins for Editor in 0.00 ms.
[ScriptCompilation] NOT recompiling all scripts because this is an import worker process. Reason to compile was: Define symbols changed
Mono: successfully reloaded assembly
- Completed reload, in  0.725 seconds
Platform modules already initialized, skipping
Refreshing native plugins compatible for Editor in 0.21 ms, found 0 plugins.
Preloading 0 native plugins for Editor in 0.00 ms.
Unloading 1230 Unused Serialized files (Serialized files now loaded: 0)
System memory in use before: 80.7 MB.
System memory in use after: 78.8 MB.

Unloading 32 unused Assets to reduce memory usage. Loaded Objects now: 1713.
Total: 1.919400 ms (FindLiveObjects: 0.192600 ms CreateObjectMapping: 0.043300 ms MarkObjects: 1.131400 ms  DeleteObjects: 0.550200 ms)

========================================================================
Received Import Request.
  Time since last request: 1004.129032 seconds.
  path: Assets/Scenes/SampleScene_Profiles/Post-process Volume Profile.asset
  artifactKey: Guid(bf9c482eb02e3a24fa208df75fa09bf1) Importer(815301076,1909f56bfc062723c751e8b465ee728b)
Start importing Assets/Scenes/SampleScene_Profiles/Post-process Volume Profile.asset using Guid(bf9c482eb02e3a24fa208df75fa09bf1) Importer(815301076,1909f56bfc062723c751e8b465ee728b)  -> (artifact id: 'fae89741b28d4c8e6c63d7ea7fb5bb24') in 0.017973 seconds
  Import took 0.019940 seconds .

========================================================================
Received Import Request.
  Time since last request: 0.105240 seconds.
  path: Assets/Scenes/SampleScene_Profiles/Post-process Volume Profile.asset
  artifactKey: Guid(bf9c482eb02e3a24fa208df75fa09bf1) Importer(815301076,1909f56bfc062723c751e8b465ee728b)
Start importing Assets/Scenes/SampleScene_Profiles/Post-process Volume Profile.asset using Guid(bf9c482eb02e3a24fa208df75fa09bf1) Importer(815301076,1909f56bfc062723c751e8b465ee728b)  -> (artifact id: 'fae89741b28d4c8e6c63d7ea7fb5bb24') in 0.002408 seconds
  Import took 0.004372 seconds .

========================================================================
Received Import Request.
  Time since last request: 57.732077 seconds.
  path: ProjectSettings/TagManager.asset
  artifactKey: Guid(00000000000000003000000000000000) Importer(815301076,1909f56bfc062723c751e8b465ee728b)
Start importing ProjectSettings/TagManager.asset using Guid(00000000000000003000000000000000) Importer(815301076,1909f56bfc062723c751e8b465ee728b)  -> (artifact id: '5cdd425f01cf626211dd37e1af0dc49e') in 0.005892 seconds
  Import took 0.007960 seconds .

========================================================================
Received Import Request.
  Time since last request: 0.087116 seconds.
  path: ProjectSettings/TagManager.asset
  artifactKey: Guid(00000000000000003000000000000000) Importer(815301076,1909f56bfc062723c751e8b465ee728b)
Start importing ProjectSettings/TagManager.asset using Guid(00000000000000003000000000000000) Importer(815301076,1909f56bfc062723c751e8b465ee728b)  -> (artifact id: '5cdd425f01cf626211dd37e1af0dc49e') in 0.008591 seconds
  Import took 0.014415 seconds .

========================================================================
Received Prepare
Refreshing native plugins compatible for Editor in 0.61 ms, found 0 plugins.
Preloading 0 native plugins for Editor in 0.00 ms.
Unloading 30 Unused Serialized files (Serialized files now loaded: 0)
System memory in use before: 57.1 MB.
System memory in use after: 55.2 MB.

Unloading 32 unused Assets to reduce memory usage. Loaded Objects now: 1713.
Total: 2.647600 ms (FindLiveObjects: 0.138200 ms CreateObjectMapping: 0.041000 ms MarkObjects: 1.869400 ms  DeleteObjects: 0.598200 ms)

AssetImportParameters requested are different than current active one (requested -> active):
  colorSpace: 1 -> 0
========================================================================
Received Import Request.
  Time since last request: 111.520516 seconds.
  path: Assets/Scenes/SampleScene_Profiles/Post-process Volume Profile.asset
  artifactKey: Guid(bf9c482eb02e3a24fa208df75fa09bf1) Importer(815301076,1909f56bfc062723c751e8b465ee728b)
Start importing Assets/Scenes/SampleScene_Profiles/Post-process Volume Profile.asset using Guid(bf9c482eb02e3a24fa208df75fa09bf1) Importer(815301076,1909f56bfc062723c751e8b465ee728b)  -> (artifact id: '284395a359e4e93972dfb7dc8ddbce18') in 0.009344 seconds
  Import took 0.011656 seconds .

========================================================================
Received Import Request.
  Time since last request: 12.914461 seconds.
  path: Assets/Scenes/SampleScene_Profiles/Post-process Volume Profile.asset
  artifactKey: Guid(bf9c482eb02e3a24fa208df75fa09bf1) Importer(815301076,1909f56bfc062723c751e8b465ee728b)
Start importing Assets/Scenes/SampleScene_Profiles/Post-process Volume Profile.asset using Guid(bf9c482eb02e3a24fa208df75fa09bf1) Importer(815301076,1909f56bfc062723c751e8b465ee728b)  -> (artifact id: 'f1e55c781a70ce9bf8f33c32ad889c3b') in 0.001934 seconds
  Import took 0.003757 seconds .

========================================================================
Received Import Request.
  Time since last request: 7.915578 seconds.
  path: Assets/Scenes/SampleScene_Profiles/Post-process Volume Profile.asset
  artifactKey: Guid(bf9c482eb02e3a24fa208df75fa09bf1) Importer(815301076,1909f56bfc062723c751e8b465ee728b)
Start importing Assets/Scenes/SampleScene_Profiles/Post-process Volume Profile.asset using Guid(bf9c482eb02e3a24fa208df75fa09bf1) Importer(815301076,1909f56bfc062723c751e8b465ee728b)  -> (artifact id: 'e4996544489f1e09651d7efd7eb109b3') in 0.003288 seconds
  Import took 0.005568 seconds .

========================================================================
Received Import Request.
  Time since last request: 7.207160 seconds.
  path: Assets/Scenes/SampleScene_Profiles/Post-process Volume Profile.asset
  artifactKey: Guid(bf9c482eb02e3a24fa208df75fa09bf1) Importer(815301076,1909f56bfc062723c751e8b465ee728b)
Start importing Assets/Scenes/SampleScene_Profiles/Post-process Volume Profile.asset using Guid(bf9c482eb02e3a24fa208df75fa09bf1) Importer(815301076,1909f56bfc062723c751e8b465ee728b)  -> (artifact id: 'c5e623c179ec7820d1730fdb55b99f5d') in 0.002534 seconds
  Import took 0.005070 seconds .

========================================================================
Received Import Request.
  Time since last request: 246.331233 seconds.
  path: Assets/Scenes/SampleScene_Profiles/Post-process Volume Profile.asset
  artifactKey: Guid(bf9c482eb02e3a24fa208df75fa09bf1) Importer(815301076,1909f56bfc062723c751e8b465ee728b)
Start importing Assets/Scenes/SampleScene_Profiles/Post-process Volume Profile.asset using Guid(bf9c482eb02e3a24fa208df75fa09bf1) Importer(815301076,1909f56bfc062723c751e8b465ee728b)  -> (artifact id: '3e155491daf66fdd6471a213d7c9698f') in 0.009921 seconds
  Import took 0.012097 seconds .

========================================================================
Received Import Request.
  Time since last request: 33.230185 seconds.
  path: Assets/Scenes/SampleScene_Profiles/Post-process Volume Profile.asset
  artifactKey: Guid(bf9c482eb02e3a24fa208df75fa09bf1) Importer(815301076,1909f56bfc062723c751e8b465ee728b)
Start importing Assets/Scenes/SampleScene_Profiles/Post-process Volume Profile.asset using Guid(bf9c482eb02e3a24fa208df75fa09bf1) Importer(815301076,1909f56bfc062723c751e8b465ee728b)  -> (artifact id: '63fb76a023ccdf22e94ff2e083237e96') in 0.003832 seconds
  Import took 0.005990 seconds .

========================================================================
Received Import Request.
  Time since last request: 6.008071 seconds.
  path: Assets/Scenes/SampleScene_Profiles/Post-process Volume Profile.asset
  artifactKey: Guid(bf9c482eb02e3a24fa208df75fa09bf1) Importer(815301076,1909f56bfc062723c751e8b465ee728b)
Start importing Assets/Scenes/SampleScene_Profiles/Post-process Volume Profile.asset using Guid(bf9c482eb02e3a24fa208df75fa09bf1) Importer(815301076,1909f56bfc062723c751e8b465ee728b)  -> (artifact id: '9bf7d283fb3e07469e66a570747d4fca') in 0.002418 seconds
  Import took 0.004252 seconds .

========================================================================
Received Import Request.
  Time since last request: 3.641332 seconds.
  path: Assets/Scenes/SampleScene_Profiles/Post-process Volume Profile.asset
  artifactKey: Guid(bf9c482eb02e3a24fa208df75fa09bf1) Importer(815301076,1909f56bfc062723c751e8b465ee728b)
Start importing Assets/Scenes/SampleScene_Profiles/Post-process Volume Profile.asset using Guid(bf9c482eb02e3a24fa208df75fa09bf1) Importer(815301076,1909f56bfc062723c751e8b465ee728b)  -> (artifact id: '9867f4116313e9a024686bf2dd46e84d') in 0.004363 seconds
  Import took 0.006176 seconds .

========================================================================
Received Import Request.
  Time since last request: 72.423873 seconds.
  path: Assets/Scenes/SampleScene_Profiles/Post-process Volume Profile.asset
  artifactKey: Guid(bf9c482eb02e3a24fa208df75fa09bf1) Importer(815301076,1909f56bfc062723c751e8b465ee728b)
Start importing Assets/Scenes/SampleScene_Profiles/Post-process Volume Profile.asset using Guid(bf9c482eb02e3a24fa208df75fa09bf1) Importer(815301076,1909f56bfc062723c751e8b465ee728b)  -> (artifact id: '9b1acfb3c82702ef2633409b0f2d810f') in 0.002994 seconds
  Import took 0.004944 seconds .

========================================================================
Received Import Request.
  Time since last request: 24.709892 seconds.
  path: Assets/Scenes/SampleScene_Profiles/Post-process Volume Profile.asset
  artifactKey: Guid(bf9c482eb02e3a24fa208df75fa09bf1) Importer(815301076,1909f56bfc062723c751e8b465ee728b)
Start importing Assets/Scenes/SampleScene_Profiles/Post-process Volume Profile.asset using Guid(bf9c482eb02e3a24fa208df75fa09bf1) Importer(815301076,1909f56bfc062723c751e8b465ee728b)  -> (artifact id: 'a43b584292b8726eb861cf99d6bfb36e') in 0.003952 seconds
  Import took 0.006012 seconds .

========================================================================
Received Import Request.
  Time since last request: 16.359999 seconds.
  path: Assets/Scenes/SampleScene_Profiles/Post-process Volume Profile.asset
  artifactKey: Guid(bf9c482eb02e3a24fa208df75fa09bf1) Importer(815301076,1909f56bfc062723c751e8b465ee728b)
Start importing Assets/Scenes/SampleScene_Profiles/Post-process Volume Profile.asset using Guid(bf9c482eb02e3a24fa208df75fa09bf1) Importer(815301076,1909f56bfc062723c751e8b465ee728b)  -> (artifact id: '080ee44d697d022961a164772d12e1db') in 0.002366 seconds
  Import took 0.004221 seconds .

========================================================================
Received Import Request.
  Time since last request: 9.414576 seconds.
  path: Assets/Scenes/SampleScene_Profiles/Post-process Volume Profile.asset
  artifactKey: Guid(bf9c482eb02e3a24fa208df75fa09bf1) Importer(815301076,1909f56bfc062723c751e8b465ee728b)
Start importing Assets/Scenes/SampleScene_Profiles/Post-process Volume Profile.asset using Guid(bf9c482eb02e3a24fa208df75fa09bf1) Importer(815301076,1909f56bfc062723c751e8b465ee728b)  -> (artifact id: 'f36c68afa489c593eed9397f51d4ec30') in 0.003756 seconds
  Import took 0.005560 seconds .

========================================================================
Received Import Request.
  Time since last request: 35.178522 seconds.
  path: Assets/Scenes/SampleScene_Profiles/Post-process Volume Profile.asset
  artifactKey: Guid(bf9c482eb02e3a24fa208df75fa09bf1) Importer(815301076,1909f56bfc062723c751e8b465ee728b)
Start importing Assets/Scenes/SampleScene_Profiles/Post-process Volume Profile.asset using Guid(bf9c482eb02e3a24fa208df75fa09bf1) Importer(815301076,1909f56bfc062723c751e8b465ee728b)  -> (artifact id: '22626c33f4ad5492baf39192d456b1b3') in 0.003384 seconds
  Import took 0.005607 seconds .

========================================================================
Received Import Request.
  Time since last request: 43.014331 seconds.
  path: Assets/Scenes/SampleScene_Profiles/Post-process Volume Profile.asset
  artifactKey: Guid(bf9c482eb02e3a24fa208df75fa09bf1) Importer(815301076,1909f56bfc062723c751e8b465ee728b)
Start importing Assets/Scenes/SampleScene_Profiles/Post-process Volume Profile.asset using Guid(bf9c482eb02e3a24fa208df75fa09bf1) Importer(815301076,1909f56bfc062723c751e8b465ee728b)  -> (artifact id: 'a714514de03fb1ba402e5ea3f59c1690') in 0.003306 seconds
  Import took 0.005920 seconds .

========================================================================
Received Import Request.
  Time since last request: 8.870421 seconds.
  path: Assets/Scenes/SampleScene_Profiles/Post-process Volume Profile.asset
  artifactKey: Guid(bf9c482eb02e3a24fa208df75fa09bf1) Importer(815301076,1909f56bfc062723c751e8b465ee728b)
Start importing Assets/Scenes/SampleScene_Profiles/Post-process Volume Profile.asset using Guid(bf9c482eb02e3a24fa208df75fa09bf1) Importer(815301076,1909f56bfc062723c751e8b465ee728b)  -> (artifact id: 'e1f83c0464ac13b7abe0becd18a6d4f1') in 0.002583 seconds
  Import took 0.004409 seconds .

========================================================================
Received Import Request.
  Time since last request: 2.417545 seconds.
  path: Assets/Scenes/SampleScene_Profiles/Post-process Volume Profile.asset
  artifactKey: Guid(bf9c482eb02e3a24fa208df75fa09bf1) Importer(815301076,1909f56bfc062723c751e8b465ee728b)
Start importing Assets/Scenes/SampleScene_Profiles/Post-process Volume Profile.asset using Guid(bf9c482eb02e3a24fa208df75fa09bf1) Importer(815301076,1909f56bfc062723c751e8b465ee728b)  -> (artifact id: '022cd684de9174d3a3e71258bbafb95c') in 0.003667 seconds
  Import took 0.005718 seconds .

========================================================================
Received Import Request.
  Time since last request: 13.604764 seconds.
  path: Assets/Scenes/SampleScene_Profiles/Post-process Volume Profile.asset
  artifactKey: Guid(bf9c482eb02e3a24fa208df75fa09bf1) Importer(815301076,1909f56bfc062723c751e8b465ee728b)
Start importing Assets/Scenes/SampleScene_Profiles/Post-process Volume Profile.asset using Guid(bf9c482eb02e3a24fa208df75fa09bf1) Importer(815301076,1909f56bfc062723c751e8b465ee728b)  -> (artifact id: '8bf7376de20fdddfb436223116c365d1') in 0.007634 seconds
  Import took 0.012437 seconds .

========================================================================
Received Import Request.
  Time since last request: 13.517713 seconds.
  path: Assets/Scenes/SampleScene_Profiles/Post-process Volume Profile.asset
  artifactKey: Guid(bf9c482eb02e3a24fa208df75fa09bf1) Importer(815301076,1909f56bfc062723c751e8b465ee728b)
Start importing Assets/Scenes/SampleScene_Profiles/Post-process Volume Profile.asset using Guid(bf9c482eb02e3a24fa208df75fa09bf1) Importer(815301076,1909f56bfc062723c751e8b465ee728b)  -> (artifact id: 'b4b5a81a35849c9e10c7c3e8d1766174') in 0.003752 seconds
  Import took 0.005556 seconds .

========================================================================
Received Import Request.
  Time since last request: 7.331098 seconds.
  path: Assets/Scenes/SampleScene_Profiles/Post-process Volume Profile.asset
  artifactKey: Guid(bf9c482eb02e3a24fa208df75fa09bf1) Importer(815301076,1909f56bfc062723c751e8b465ee728b)
Start importing Assets/Scenes/SampleScene_Profiles/Post-process Volume Profile.asset using Guid(bf9c482eb02e3a24fa208df75fa09bf1) Importer(815301076,1909f56bfc062723c751e8b465ee728b)  -> (artifact id: '4670d65ba7e5ffba9a084c115eeddf3b') in 0.003171 seconds
  Import took 0.005490 seconds .

========================================================================
Received Import Request.
  Time since last request: 8.046383 seconds.
  path: Assets/Scenes/SampleScene_Profiles/Post-process Volume Profile.asset
  artifactKey: Guid(bf9c482eb02e3a24fa208df75fa09bf1) Importer(815301076,1909f56bfc062723c751e8b465ee728b)
Start importing Assets/Scenes/SampleScene_Profiles/Post-process Volume Profile.asset using Guid(bf9c482eb02e3a24fa208df75fa09bf1) Importer(815301076,1909f56bfc062723c751e8b465ee728b)  -> (artifact id: '9526c99de91df94232b40e5ed308df21') in 0.002931 seconds
  Import took 0.004765 seconds .

========================================================================
Received Import Request.
  Time since last request: 29.292142 seconds.
  path: Assets/Scenes/SampleScene_Profiles/Post-process Volume Profile.asset
  artifactKey: Guid(bf9c482eb02e3a24fa208df75fa09bf1) Importer(815301076,1909f56bfc062723c751e8b465ee728b)
Start importing Assets/Scenes/SampleScene_Profiles/Post-process Volume Profile.asset using Guid(bf9c482eb02e3a24fa208df75fa09bf1) Importer(815301076,1909f56bfc062723c751e8b465ee728b)  -> (artifact id: '1c27b3b35b08a92fee5432e684071404') in 0.006110 seconds
  Import took 0.008485 seconds .

========================================================================
Received Import Request.
  Time since last request: 13.195313 seconds.
  path: Assets/Scenes/SampleScene_Profiles/Post-process Volume Profile.asset
  artifactKey: Guid(bf9c482eb02e3a24fa208df75fa09bf1) Importer(815301076,1909f56bfc062723c751e8b465ee728b)
Start importing Assets/Scenes/SampleScene_Profiles/Post-process Volume Profile.asset using Guid(bf9c482eb02e3a24fa208df75fa09bf1) Importer(815301076,1909f56bfc062723c751e8b465ee728b)  -> (artifact id: 'cdb00c5dfe8452b5593c5fddff99eab7') in 0.002543 seconds
  Import took 0.004729 seconds .

========================================================================
Received Import Request.
  Time since last request: 1.509833 seconds.
  path: Assets/Scenes/SampleScene_Profiles/Post-process Volume Profile.asset
  artifactKey: Guid(bf9c482eb02e3a24fa208df75fa09bf1) Importer(815301076,1909f56bfc062723c751e8b465ee728b)
Start importing Assets/Scenes/SampleScene_Profiles/Post-process Volume Profile.asset using Guid(bf9c482eb02e3a24fa208df75fa09bf1) Importer(815301076,1909f56bfc062723c751e8b465ee728b)  -> (artifact id: 'f0539804113808bd9197a48558dc48dc') in 0.002995 seconds
  Import took 0.004835 seconds .

========================================================================
Received Import Request.
  Time since last request: 4.354812 seconds.
  path: Assets/Scenes/SampleScene_Profiles/Post-process Volume Profile.asset
  artifactKey: Guid(bf9c482eb02e3a24fa208df75fa09bf1) Importer(815301076,1909f56bfc062723c751e8b465ee728b)
Start importing Assets/Scenes/SampleScene_Profiles/Post-process Volume Profile.asset using Guid(bf9c482eb02e3a24fa208df75fa09bf1) Importer(815301076,1909f56bfc062723c751e8b465ee728b)  -> (artifact id: '4a1f8453f45af3fabbb9017ced6ccdf3') in 0.002441 seconds
  Import took 0.004228 seconds .

========================================================================
Received Import Request.
  Time since last request: 3.559688 seconds.
  path: Assets/Scenes/SampleScene_Profiles/Post-process Volume Profile.asset
  artifactKey: Guid(bf9c482eb02e3a24fa208df75fa09bf1) Importer(815301076,1909f56bfc062723c751e8b465ee728b)
Start importing Assets/Scenes/SampleScene_Profiles/Post-process Volume Profile.asset using Guid(bf9c482eb02e3a24fa208df75fa09bf1) Importer(815301076,1909f56bfc062723c751e8b465ee728b)  -> (artifact id: 'ecf6b0d8b49a8c7e153b22e7ad4dbe5e') in 0.002715 seconds
  Import took 0.004783 seconds .

========================================================================
Received Import Request.
  Time since last request: 238.200230 seconds.
  path: Assets/Fantasy Forest Environment Free Sample/Scenes/assets.unity
  artifactKey: Guid(a143ab047b99a124ca579bc8e0366cd3) Importer(815301076,1909f56bfc062723c751e8b465ee728b)
Start importing Assets/Fantasy Forest Environment Free Sample/Scenes/assets.unity using Guid(a143ab047b99a124ca579bc8e0366cd3) Importer(815301076,1909f56bfc062723c751e8b465ee728b)  -> (artifact id: 'aef27a65a70b6e49e862dda696f9095e') in 0.007343 seconds
  Import took 0.009157 seconds .

========================================================================
Received Import Request.
  Time since last request: 1.180106 seconds.
  path: Assets/New Terrain.asset
  artifactKey: Guid(2c45c9e5ee077f5449a7b166825a771a) Importer(815301076,1909f56bfc062723c751e8b465ee728b)
Start importing Assets/New Terrain.asset using Guid(2c45c9e5ee077f5449a7b166825a771a) Importer(815301076,1909f56bfc062723c751e8b465ee728b) The tree grass01 must use the Nature/Soft Occlusion shader. Otherwise billboarding/lighting will not work correctly.

 -> (artifact id: '5265324f61970860dbc99de548aca339') in 0.030937 seconds
  Import took 0.033358 seconds .

========================================================================
Received Import Request.
  Time since last request: 0.820225 seconds.
  path: Assets/Scenes
  artifactKey: Guid(8f4778bd2c0c1a2438a5278868d7cb46) Importer(815301076,1909f56bfc062723c751e8b465ee728b)
Start importing Assets/Scenes using Guid(8f4778bd2c0c1a2438a5278868d7cb46) Importer(815301076,1909f56bfc062723c751e8b465ee728b)  -> (artifact id: '8cac83072939b925667e2e13991bff40') in 0.006350 seconds
  Import took 0.008293 seconds .

========================================================================
Received Import Request.
  Time since last request: 0.949909 seconds.
  path: Assets/Scenes/SampleScene.unity
  artifactKey: Guid(9fc0d4010bbf28b4594072e72b8655ab) Importer(815301076,1909f56bfc062723c751e8b465ee728b)
Start importing Assets/Scenes/SampleScene.unity using Guid(9fc0d4010bbf28b4594072e72b8655ab) Importer(815301076,1909f56bfc062723c751e8b465ee728b)  -> (artifact id: 'a0dd8c018c451bceae1e1302a1531463') in 0.005563 seconds
  Import took 0.007424 seconds .

========================================================================
Received Import Request.
  Time since last request: 8.633167 seconds.
  path: Assets/Scenes/MyPostProcess.unity
  artifactKey: Guid(9fc0d4010bbf28b4594072e72b8655ab) Importer(815301076,1909f56bfc062723c751e8b465ee728b)
Start importing Assets/Scenes/MyPostProcess.unity using Guid(9fc0d4010bbf28b4594072e72b8655ab) Importer(815301076,1909f56bfc062723c751e8b465ee728b)  -> (artifact id: 'e23eb426b1fbaed10c39115abf9589fe') in 0.005502 seconds
  Import took 0.007529 seconds .

AssetImportWorkerClient::OnTransportError - code=2 error=End of file
